Using pre-set license
Built from '2021.3/staging' branch; Version is '2021.3.0f1 (6eacc8284459) revision 7253192'; Using compiler version '192829333'; Build Type 'Release'
OS: 'Windows 10  (10.0.19044) 64bit Core' Language: 'ko' Physical Memory: 16179 MB
BatchMode: 1, IsHumanControllingUs: 0, StartBugReporterOnCrash: 0, Is64bit: 1, IsPro: 1

COMMAND LINE ARGUMENTS:
C:\Program Files\Unity\Hub\Editor\2021.3.0f1\Editor\Unity.exe
-adb2
-batchMode
-noUpm
-name
AssetImportWorker0
-projectPath
C:/Users/yzm08/Village
-logFile
Logs/AssetImportWorker0.log
-srvPort
55768
Successfully changed project path to: C:/Users/yzm08/Village
C:/Users/yzm08/Village
[UnityMemory] Configuration Parameters - Can be set up in boot.config
    "memorysetup-bucket-allocator-granularity=16"
    "memorysetup-bucket-allocator-bucket-count=8"
    "memorysetup-bucket-allocator-block-size=33554432"
    "memorysetup-bucket-allocator-block-count=8"
    "memorysetup-main-allocator-block-size=16777216"
    "memorysetup-thread-allocator-block-size=16777216"
    "memorysetup-gfx-main-allocator-block-size=16777216"
    "memorysetup-gfx-thread-allocator-block-size=16777216"
    "memorysetup-cache-allocator-block-size=4194304"
    "memorysetup-typetree-allocator-block-size=2097152"
    "memorysetup-profiler-bucket-allocator-granularity=16"
    "memorysetup-profiler-bucket-allocator-bucket-count=8"
    "memorysetup-profiler-bucket-allocator-block-size=33554432"
    "memorysetup-profiler-bucket-allocator-block-count=8"
    "memorysetup-profiler-allocator-block-size=16777216"
    "memorysetup-profiler-editor-allocator-block-size=1048576"
    "memorysetup-temp-allocator-size-main=16777216"
    "memorysetup-job-temp-allocator-block-size=2097152"
    "memorysetup-job-temp-allocator-block-size-background=1048576"
    "memorysetup-job-temp-allocator-reduction-small-platforms=262144"
    "memorysetup-temp-allocator-size-background-worker=32768"
    "memorysetup-temp-allocator-size-job-worker=262144"
    "memorysetup-temp-allocator-size-preload-manager=33554432"
    "memorysetup-temp-allocator-size-nav-mesh-worker=65536"
    "memorysetup-temp-allocator-size-audio-worker=65536"
    "memorysetup-temp-allocator-size-cloud-worker=32768"
    "memorysetup-temp-allocator-size-gi-baking-worker=262144"
    "memorysetup-temp-allocator-size-gfx=262144"
Refreshing native plugins compatible for Editor in 84.97 ms, found 3 plugins.
Preloading 0 native plugins for Editor in 0.00 ms.
Initialize engine version: 2021.3.0f1 (6eacc8284459)
[Subsystems] Discovering subsystems at path C:/Program Files/Unity/Hub/Editor/2021.3.0f1/Editor/Data/Resources/UnitySubsystems
[Subsystems] Discovering subsystems at path C:/Users/yzm08/Village/Assets
GfxDevice: creating device client; threaded=0; jobified=0
Direct3D:
    Version:  Direct3D 11.0 [level 11.1]
    Renderer: Intel(R) Iris(R) Xe Graphics (ID=0x9a49)
    Vendor:   Intel
    VRAM:     8089 MB
    Driver:   27.20.100.9664
Initialize mono
Mono path[0] = 'C:/Program Files/Unity/Hub/Editor/2021.3.0f1/Editor/Data/Managed'
Mono path[1] = 'C:/Program Files/Unity/Hub/Editor/2021.3.0f1/Editor/Data/MonoBleedingEdge/lib/mono/unityjit-win32'
Mono config path = 'C:/Program Files/Unity/Hub/Editor/2021.3.0f1/Editor/Data/MonoBleedingEdge/etc'
Using monoOptions --debugger-agent=transport=dt_socket,embedding=1,server=y,suspend=n,address=127.0.0.1:56736
Begin MonoManager ReloadAssembly
Registering precompiled unity dll's ...
Register platform support module: C:/Program Files/Unity/Hub/Editor/2021.3.0f1/Editor/Data/PlaybackEngines/WebGLSupport/UnityEditor.WebGL.Extensions.dll
Register platform support module: C:/Program Files/Unity/Hub/Editor/2021.3.0f1/Editor/Data/PlaybackEngines/WindowsStandaloneSupport/UnityEditor.WindowsStandalone.Extensions.dll
Registered in 0.007238 seconds.
Native extension for WindowsStandalone target not found
Native extension for WebGL target not found
Refreshing native plugins compatible for Editor in 79.03 ms, found 3 plugins.
Preloading 0 native plugins for Editor in 0.00 ms.
Mono: successfully reloaded assembly
- Completed reload, in  0.587 seconds
Domain Reload Profiling:
	ReloadAssembly (587ms)
		BeginReloadAssembly (66ms)
			ExecutionOrderSort (0ms)
			DisableScriptedObjects (0ms)
			BackupInstance (0ms)
			ReleaseScriptingObjects (0ms)
			CreateAndSetChildDomain (1ms)
		EndReloadAssembly (407ms)
			LoadAssemblies (63ms)
			RebuildTransferFunctionScriptingTraits (0ms)
			SetupTypeCache (95ms)
			ReleaseScriptCaches (0ms)
			RebuildScriptCaches (24ms)
			SetupLoadedEditorAssemblies (243ms)
				LogAssemblyErrors (0ms)
				InitializePlatformSupportModulesInManaged (9ms)
				SetLoadedEditorAssemblies (0ms)
				RefreshPlugins (79ms)
				BeforeProcessingInitializeOnLoad (1ms)
				ProcessInitializeOnLoadAttributes (117ms)
				ProcessInitializeOnLoadMethodAttributes (37ms)
				AfterProcessingInitializeOnLoad (0ms)
				EditorAssembliesLoaded (0ms)
			ExecutionOrderSort2 (0ms)
			AwakeInstancesAfterBackupRestoration (0ms)
Platform modules already initialized, skipping
Registering precompiled user dll's ...
Registered in 0.004287 seconds.
Begin MonoManager ReloadAssembly
Symbol file LoadedFromMemory doesn't match image C:\Users\yzm08\Village\Library\PackageCache\com.unity.visualscripting@1.7.6\Editor\VisualScripting.Core\Dependencies\YamlDotNet\Unity.VisualScripting.YamlDotNet.dll
Symbol file LoadedFromMemory is not a mono symbol file
Symbol file LoadedFromMemory doesn't match image C:\Users\yzm08\Village\Library\PackageCache\com.unity.visualscripting@1.7.6\Editor\VisualScripting.Core\Dependencies\DotNetZip\Unity.VisualScripting.IonicZip.dll
Native extension for WindowsStandalone target not found
Native extension for WebGL target not found
Refreshing native plugins compatible for Editor in 0.60 ms, found 3 plugins.
Preloading 0 native plugins for Editor in 0.00 ms.
Mono: successfully reloaded assembly
- Completed reload, in  0.962 seconds
Domain Reload Profiling:
	ReloadAssembly (963ms)
		BeginReloadAssembly (115ms)
			ExecutionOrderSort (0ms)
			DisableScriptedObjects (5ms)
			BackupInstance (0ms)
			ReleaseScriptingObjects (0ms)
			CreateAndSetChildDomain (19ms)
		EndReloadAssembly (726ms)
			LoadAssemblies (87ms)
			RebuildTransferFunctionScriptingTraits (0ms)
			SetupTypeCache (258ms)
			ReleaseScriptCaches (0ms)
			RebuildScriptCaches (41ms)
			SetupLoadedEditorAssemblies (313ms)
				LogAssemblyErrors (0ms)
				InitializePlatformSupportModulesInManaged (8ms)
				SetLoadedEditorAssemblies (0ms)
				RefreshPlugins (1ms)
				BeforeProcessingInitializeOnLoad (93ms)
				ProcessInitializeOnLoadAttributes (185ms)
				ProcessInitializeOnLoadMethodAttributes (19ms)
				AfterProcessingInitializeOnLoad (6ms)
				EditorAssembliesLoaded (0ms)
			ExecutionOrderSort2 (0ms)
			AwakeInstancesAfterBackupRestoration (5ms)
Platform modules already initialized, skipping
========================================================================
Worker process is ready to serve import requests
Launched and connected shader compiler UnityShaderCompiler.exe after 0.05 seconds
Refreshing native plugins compatible for Editor in 0.54 ms, found 3 plugins.
Preloading 0 native plugins for Editor in 0.00 ms.
Unloading 3355 Unused Serialized files (Serialized files now loaded: 0)
Unloading 25 unused Assets / (466.8 KB). Loaded Objects now: 3842.
Memory consumption went from 139.0 MB to 138.5 MB.
Total: 2.603100 ms (FindLiveObjects: 0.248400 ms CreateObjectMapping: 0.101900 ms MarkObjects: 2.015500 ms  DeleteObjects: 0.236000 ms)

AssetImportParameters requested are different than current active one (requested -> active):
  custom:video-decoder-ogg-theora: a1e56fd34408186e4bbccfd4996cb3dc -> 
  custom:container-muxer-webm: aa71ff27fc2769a1b78a27578f13a17b -> 
  custom:container-demuxer-webm: 4f35f7cbe854078d1ac9338744f61a02 -> 
  custom:video-encoder-webm-vp8: eb34c28f22e8b96e1ab97ce403110664 -> 
  custom:audio-encoder-webm-vorbis: bf7c407c2cedff20999df2af8eb42d56 -> 
  custom:framework-win-MediaFoundation: 216162199b28c13a410421893ffa2e32 -> 
  custom:container-demuxer-ogg: 62fdf1f143b41e24485cea50d1cbac27 -> 
  custom:video-decoder-webm-vp8: 9c59270c3fd7afecdb556c50c9e8de78 -> 
  custom:audio-decoder-ogg-vorbis: bf7c407c2cedff20999df2af8eb42d56 -> 
========================================================================
Received Import Request.
  Time since last request: 42425.422435 seconds.
  path: Assets/TerrainData_16d4d4df-f9d9-49b7-8c8b-bb88ed0d5c0f.asset
  artifactKey: Guid(16475afbf3728d44da414144e056c3e6) Importer(815301076,1909f56bfc062723c751e8b465ee728b)
Start importing Assets/TerrainData_16d4d4df-f9d9-49b7-8c8b-bb88ed0d5c0f.asset using Guid(16475afbf3728d44da414144e056c3e6) Importer(815301076,1909f56bfc062723c751e8b465ee728b)  -> (artifact id: 'fd91db8fee4de0aeda2f31834b7e06e9') in 0.073801 seconds 
========================================================================
Received Import Request.
  Time since last request: 9.109532 seconds.
  path: Assets/Standard Assets/Utility/Prefabs/FramerateCounter.prefab
  artifactKey: Guid(81154777d5417884981849c5243f6c01) Importer(815301076,1909f56bfc062723c751e8b465ee728b)
Start importing Assets/Standard Assets/Utility/Prefabs/FramerateCounter.prefab using Guid(81154777d5417884981849c5243f6c01) Importer(815301076,1909f56bfc062723c751e8b465ee728b)  -> (artifact id: 'b5484404149c43b3302261fd83598551') in 0.026505 seconds 
========================================================================
Received Import Request.
  Time since last request: 56.289397 seconds.
  path: Assets/Buildings/house_2_v_4.fbx
  artifactKey: Guid(317622fd20823ce4eb770c3705f16d6b) Importer(815301076,1909f56bfc062723c751e8b465ee728b)
Start importing Assets/Buildings/house_2_v_4.fbx using Guid(317622fd20823ce4eb770c3705f16d6b) Importer(815301076,1909f56bfc062723c751e8b465ee728b)  -> (artifact id: '252d082dc0883f3ad1d8d4488ee85bd7') in 0.135819 seconds 
========================================================================
Received Import Request.
  Time since last request: 0.000030 seconds.
  path: Assets/Buildings/house_2_v_14.fbx
  artifactKey: Guid(90b3007ed7074dd4ea1220f4352dbdec) Importer(815301076,1909f56bfc062723c751e8b465ee728b)
Start importing Assets/Buildings/house_2_v_14.fbx using Guid(90b3007ed7074dd4ea1220f4352dbdec) Importer(815301076,1909f56bfc062723c751e8b465ee728b)  -> (artifact id: 'e704663f6788d2e38aeccf81c158057a') in 0.038122 seconds 
========================================================================
Received Import Request.
  Time since last request: 0.000038 seconds.
  path: Assets/Buildings/house_2_v_15.fbx
  artifactKey: Guid(4afc516ec2f294042ac46acc398755a7) Importer(815301076,1909f56bfc062723c751e8b465ee728b)
Start importing Assets/Buildings/house_2_v_15.fbx using Guid(4afc516ec2f294042ac46acc398755a7) Importer(815301076,1909f56bfc062723c751e8b465ee728b)  -> (artifact id: '0a923dad17c590ffce57baeefa969d3b') in 0.036260 seconds 
========================================================================
Received Import Request.
  Time since last request: 0.000034 seconds.
  path: Assets/Buildings/house_2_v_13.fbx
  artifactKey: Guid(3b0dd5b2427346240915120de69abfe0) Importer(815301076,1909f56bfc062723c751e8b465ee728b)
Start importing Assets/Buildings/house_2_v_13.fbx using Guid(3b0dd5b2427346240915120de69abfe0) Importer(815301076,1909f56bfc062723c751e8b465ee728b)  -> (artifact id: '45709bdf0ae2ca5275c7efa293c221ef') in 0.030503 seconds 
========================================================================
Received Import Request.
  Time since last request: 0.000029 seconds.
  path: Assets/Buildings/house_2_v_11.fbx
  artifactKey: Guid(74041cc957cb2ab459202f5fa7e5c20e) Importer(815301076,1909f56bfc062723c751e8b465ee728b)
Start importing Assets/Buildings/house_2_v_11.fbx using Guid(74041cc957cb2ab459202f5fa7e5c20e) Importer(815301076,1909f56bfc062723c751e8b465ee728b)  -> (artifact id: '043e8320a21a26da8d7f287c0ffee924') in 0.033358 seconds 
========================================================================
Received Import Request.
  Time since last request: 0.000031 seconds.
  path: Assets/Buildings/house_2_v_12.fbx
  artifactKey: Guid(8cc5b14060ac8164e8fb7443b7d7cb85) Importer(815301076,1909f56bfc062723c751e8b465ee728b)
Start importing Assets/Buildings/house_2_v_12.fbx using Guid(8cc5b14060ac8164e8fb7443b7d7cb85) Importer(815301076,1909f56bfc062723c751e8b465ee728b)  -> (artifact id: '7a61c61c1d63528889a1ee7f5d5eda90') in 0.036278 seconds 
========================================================================
Received Import Request.
  Time since last request: 10.158510 seconds.
  path: Assets/SampleScenes/Models
  artifactKey: Guid(92a62c583a2e8734d9a6018eec4d27fb) Importer(815301076,1909f56bfc062723c751e8b465ee728b)
Start importing Assets/SampleScenes/Models using Guid(92a62c583a2e8734d9a6018eec4d27fb) Importer(815301076,1909f56bfc062723c751e8b465ee728b)  -> (artifact id: 'dd427b287cfa60f4cec8b585e0f9b0be') in 0.005288 seconds 
========================================================================
Received Import Request.
  Time since last request: 0.049881 seconds.
  path: Assets/SampleScenes/Models/Brick.fbx
  artifactKey: Guid(9ced0c52dc1504d4da20513052fdc602) Importer(815301076,1909f56bfc062723c751e8b465ee728b)
Start importing Assets/SampleScenes/Models/Brick.fbx using Guid(9ced0c52dc1504d4da20513052fdc602) Importer(815301076,1909f56bfc062723c751e8b465ee728b)  -> (artifact id: '2a53a42f21f004a0bd8718f840d7c1c9') in 0.298605 seconds 
========================================================================
Received Import Request.
  Time since last request: 0.000022 seconds.
  path: Assets/SampleScenes/Models/GoalPosts.fbx
  artifactKey: Guid(dbd33ca8053b5cb4790c6766343d4fb9) Importer(815301076,1909f56bfc062723c751e8b465ee728b)
Start importing Assets/SampleScenes/Models/GoalPosts.fbx using Guid(dbd33ca8053b5cb4790c6766343d4fb9) Importer(815301076,1909f56bfc062723c751e8b465ee728b)  -> (artifact id: '5cad658e9e44c6898191ee6b58b80b93') in 0.026171 seconds 
========================================================================
Received Import Request.
  Time since last request: 0.000049 seconds.
  path: Assets/SampleScenes/Models/GroundRunway.FBX
  artifactKey: Guid(b02e63c7c24117e45acd64f6e5ede314) Importer(815301076,1909f56bfc062723c751e8b465ee728b)
Start importing Assets/SampleScenes/Models/GroundRunway.FBX using Guid(b02e63c7c24117e45acd64f6e5ede314) Importer(815301076,1909f56bfc062723c751e8b465ee728b)  -> (artifact id: '025ac2e6658cadbd6bd91e4c917fc560') in 0.070600 seconds 
========================================================================
Received Import Request.
  Time since last request: 0.000017 seconds.
  path: Assets/SampleScenes/Models/Ring.fbx
  artifactKey: Guid(ccb151eac4280a94c95575e12e56865a) Importer(815301076,1909f56bfc062723c751e8b465ee728b)
Start importing Assets/SampleScenes/Models/Ring.fbx using Guid(ccb151eac4280a94c95575e12e56865a) Importer(815301076,1909f56bfc062723c751e8b465ee728b)  -> (artifact id: 'a5764d5e5111fcdf43c7174747133980') in 0.029980 seconds 
========================================================================
Received Import Request.
  Time since last request: 0.000033 seconds.
  path: Assets/SampleScenes/Models/Platforms.fbx
  artifactKey: Guid(c35d6bf90f6954140bdbb6cd51b608ac) Importer(815301076,1909f56bfc062723c751e8b465ee728b)
Start importing Assets/SampleScenes/Models/Platforms.fbx using Guid(c35d6bf90f6954140bdbb6cd51b608ac) Importer(815301076,1909f56bfc062723c751e8b465ee728b)  -> (artifact id: '9a4ddd38582390e87cdc1b6be8fdd20a') in 0.023437 seconds 
========================================================================
Received Import Request.
  Time since last request: 0.000032 seconds.
  path: Assets/SampleScenes/Models/Platform.fbx
  artifactKey: Guid(41807bb6e4134a34aaf92fbad2e07bbc) Importer(815301076,1909f56bfc062723c751e8b465ee728b)
Start importing Assets/SampleScenes/Models/Platform.fbx using Guid(41807bb6e4134a34aaf92fbad2e07bbc) Importer(815301076,1909f56bfc062723c751e8b465ee728b)  -> (artifact id: '66227f899e8845fb2cbcbc13c0da4841') in 0.026380 seconds 
========================================================================
Received Import Request.
  Time since last request: 0.000024 seconds.
  path: Assets/SampleScenes/Models/GroundObstacles.FBX
  artifactKey: Guid(f57127cfcc32ab9419af130b6a9211fb) Importer(815301076,1909f56bfc062723c751e8b465ee728b)
Start importing Assets/SampleScenes/Models/GroundObstacles.FBX using Guid(f57127cfcc32ab9419af130b6a9211fb) Importer(815301076,1909f56bfc062723c751e8b465ee728b)  -> (artifact id: '8756d624512718fce91417494bb6ee53') in 0.064118 seconds 
========================================================================
Received Import Request.
  Time since last request: 1.560566 seconds.
  path: Assets/SampleScenes/AudioMixers/Car.mixer
  artifactKey: Guid(cc0bf72c5763743468b1ee3d764d3d04) Importer(815301076,1909f56bfc062723c751e8b465ee728b)
Start importing Assets/SampleScenes/AudioMixers/Car.mixer using Guid(cc0bf72c5763743468b1ee3d764d3d04) Importer(815301076,1909f56bfc062723c751e8b465ee728b)  -> (artifact id: '772772ca2f202edbba3b6e625c1e91a6') in 0.010580 seconds 
========================================================================
Received Import Request.
  Time since last request: 0.000021 seconds.
  path: Assets/SampleScenes/AudioMixers/PropellerPlane.mixer
  artifactKey: Guid(f166ed551f18240f99a161783914f623) Importer(815301076,1909f56bfc062723c751e8b465ee728b)
Start importing Assets/SampleScenes/AudioMixers/PropellerPlane.mixer using Guid(f166ed551f18240f99a161783914f623) Importer(815301076,1909f56bfc062723c751e8b465ee728b)  -> (artifact id: 'efc92b1e0190886cb817571281e23e69') in 0.010581 seconds 
========================================================================
Received Import Request.
  Time since last request: 0.663943 seconds.
  path: Assets/SampleScenes/Materials/MauveSmooth.mat
  artifactKey: Guid(d2985de4f27bfa340a12c3ef95d47167) Importer(815301076,1909f56bfc062723c751e8b465ee728b)
Start importing Assets/SampleScenes/Materials/MauveSmooth.mat using Guid(d2985de4f27bfa340a12c3ef95d47167) Importer(815301076,1909f56bfc062723c751e8b465ee728b)  -> (artifact id: 'ff804798f38800043d371e38a119de66') in 0.037180 seconds 
========================================================================
Received Import Request.
  Time since last request: 0.000047 seconds.
  path: Assets/SampleScenes/Materials/NavyGrid.mat
  artifactKey: Guid(297e3a11e7d07fc48b4f71056b4f927f) Importer(815301076,1909f56bfc062723c751e8b465ee728b)
Start importing Assets/SampleScenes/Materials/NavyGrid.mat using Guid(297e3a11e7d07fc48b4f71056b4f927f) Importer(815301076,1909f56bfc062723c751e8b465ee728b)  -> (artifact id: 'd266a550a5ffb30362eb4f7b8618b896') in 0.018514 seconds 
========================================================================
Received Import Request.
  Time since last request: 0.000034 seconds.
  path: Assets/SampleScenes/Materials/TealSmooth.mat
  artifactKey: Guid(ee9f7b84e86227a4fadc5e7f42e84b97) Importer(815301076,1909f56bfc062723c751e8b465ee728b)
Start importing Assets/SampleScenes/Materials/TealSmooth.mat using Guid(ee9f7b84e86227a4fadc5e7f42e84b97) Importer(815301076,1909f56bfc062723c751e8b465ee728b)  -> (artifact id: 'e47d283cd0b51b2e958f807a7c35b5e6') in 0.028459 seconds 
========================================================================
Received Import Request.
  Time since last request: 0.000030 seconds.
  path: Assets/SampleScenes/Materials/PinkUnlit.mat
  artifactKey: Guid(a8934a77ad83e0f4a9e9d40b3917880b) Importer(815301076,1909f56bfc062723c751e8b465ee728b)
Start importing Assets/SampleScenes/Materials/PinkUnlit.mat using Guid(a8934a77ad83e0f4a9e9d40b3917880b) Importer(815301076,1909f56bfc062723c751e8b465ee728b)  -> (artifact id: '43fafbe163b98b848b6810c77c4d091b') in 0.049441 seconds 
========================================================================
Received Import Request.
  Time since last request: 0.000019 seconds.
  path: Assets/SampleScenes/Materials/YellowSmooth.mat
  artifactKey: Guid(61bcea22404bda2469670dd9255037db) Importer(815301076,1909f56bfc062723c751e8b465ee728b)
Start importing Assets/SampleScenes/Materials/YellowSmooth.mat using Guid(61bcea22404bda2469670dd9255037db) Importer(815301076,1909f56bfc062723c751e8b465ee728b)  -> (artifact id: '7a41f3039a9ba532fd42f8fea1b752d6') in 0.016565 seconds 
========================================================================
Received Import Request.
  Time since last request: 0.000018 seconds.
  path: Assets/SampleScenes/Materials/NavyDarkSmooth.mat
  artifactKey: Guid(338dbf9d35df70d428453cc78f8eaa18) Importer(815301076,1909f56bfc062723c751e8b465ee728b)
Start importing Assets/SampleScenes/Materials/NavyDarkSmooth.mat using Guid(338dbf9d35df70d428453cc78f8eaa18) Importer(815301076,1909f56bfc062723c751e8b465ee728b)  -> (artifact id: '16d15491af395b7587df97d0c4eda34c') in 0.024056 seconds 
========================================================================
Received Import Request.
  Time since last request: 0.000027 seconds.
  path: Assets/SampleScenes/Materials/OrangeSmooth.mat
  artifactKey: Guid(a24037aa2dae5b145b048dcaf948032a) Importer(815301076,1909f56bfc062723c751e8b465ee728b)
Start importing Assets/SampleScenes/Materials/OrangeSmooth.mat using Guid(a24037aa2dae5b145b048dcaf948032a) Importer(815301076,1909f56bfc062723c751e8b465ee728b)  -> (artifact id: '4fee61f5ac5c4e5a67c3099af8a7be16') in 0.021848 seconds 
========================================================================
Received Import Request.
  Time since last request: 0.000028 seconds.
  path: Assets/SampleScenes/Materials/ParticleClouds.mat
  artifactKey: Guid(efb74a60b37f60a41add571d33f34fff) Importer(815301076,1909f56bfc062723c751e8b465ee728b)
Start importing Assets/SampleScenes/Materials/ParticleClouds.mat using Guid(efb74a60b37f60a41add571d33f34fff) Importer(815301076,1909f56bfc062723c751e8b465ee728b)  -> (artifact id: 'c3885a916e08e1550a55a7cae424c7aa') in 0.029489 seconds 
========================================================================
Received Import Request.
  Time since last request: 0.000030 seconds.
  path: Assets/SampleScenes/Materials/WhiteUnlit.mat
  artifactKey: Guid(432d27f28c1251041bd6d1753602d5f0) Importer(815301076,1909f56bfc062723c751e8b465ee728b)
Start importing Assets/SampleScenes/Materials/WhiteUnlit.mat using Guid(432d27f28c1251041bd6d1753602d5f0) Importer(815301076,1909f56bfc062723c751e8b465ee728b)  -> (artifact id: '22cc085ec0608973fb5479eab951bcc9') in 0.020834 seconds 
========================================================================
Received Import Request.
  Time since last request: 4.353154 seconds.
  path: Assets/SampleScenes/Prefabs/Box.prefab
  artifactKey: Guid(d29ba28bd5caaed429838de8bac7be72) Importer(815301076,1909f56bfc062723c751e8b465ee728b)
Start importing Assets/SampleScenes/Prefabs/Box.prefab using Guid(d29ba28bd5caaed429838de8bac7be72) Importer(815301076,1909f56bfc062723c751e8b465ee728b)  -> (artifact id: '6f982c756a7e9a44a8586c7cedcedad8') in 0.014037 seconds 
========================================================================
Received Import Request.
  Time since last request: 0.000028 seconds.
  path: Assets/SampleScenes/Prefabs/BoxSmall.prefab
  artifactKey: Guid(75c27bf47f501a74fa5723911612c226) Importer(815301076,1909f56bfc062723c751e8b465ee728b)
Start importing Assets/SampleScenes/Prefabs/BoxSmall.prefab using Guid(75c27bf47f501a74fa5723911612c226) Importer(815301076,1909f56bfc062723c751e8b465ee728b)  -> (artifact id: 'a9aab0cd99f1c3352d939bb4a0b6c893') in 0.013572 seconds 
========================================================================
Received Import Request.
  Time since last request: 0.000034 seconds.
  path: Assets/SampleScenes/Prefabs/CameraSwitchUI.prefab
  artifactKey: Guid(b3495d363d7ccba40bc3e92c1a184e28) Importer(815301076,1909f56bfc062723c751e8b465ee728b)
Start importing Assets/SampleScenes/Prefabs/CameraSwitchUI.prefab using Guid(b3495d363d7ccba40bc3e92c1a184e28) Importer(815301076,1909f56bfc062723c751e8b465ee728b)  -> (artifact id: 'a6a4af58eb3b705e7f5d0766e9a5fee0') in 0.015216 seconds 
========================================================================
Received Import Request.
  Time since last request: 0.000020 seconds.
  path: Assets/SampleScenes/Prefabs/Loop.prefab
  artifactKey: Guid(a2dd655bfef0f0849a2c33d8fb4a029c) Importer(815301076,1909f56bfc062723c751e8b465ee728b)
Start importing Assets/SampleScenes/Prefabs/Loop.prefab using Guid(a2dd655bfef0f0849a2c33d8fb4a029c) Importer(815301076,1909f56bfc062723c751e8b465ee728b)  -> (artifact id: 'c471870d21413b8131b293cf0135df38') in 0.014212 seconds 
========================================================================
Received Import Request.
  Time since last request: 0.000024 seconds.
  path: Assets/SampleScenes/Prefabs/ResetterUI.prefab
  artifactKey: Guid(28e490010bed5ea47a8a69e81bdd0c1c) Importer(815301076,1909f56bfc062723c751e8b465ee728b)
Start importing Assets/SampleScenes/Prefabs/ResetterUI.prefab using Guid(28e490010bed5ea47a8a69e81bdd0c1c) Importer(815301076,1909f56bfc062723c751e8b465ee728b)  -> (artifact id: '2f310a99e543491a1e88576130954d29') in 0.007784 seconds 
========================================================================
Received Import Request.
  Time since last request: 0.000046 seconds.
  path: Assets/SampleScenes/Prefabs/Wall.prefab
  artifactKey: Guid(fef5fcb209dce49409117a24775dfcb3) Importer(815301076,1909f56bfc062723c751e8b465ee728b)
Start importing Assets/SampleScenes/Prefabs/Wall.prefab using Guid(fef5fcb209dce49409117a24775dfcb3) Importer(815301076,1909f56bfc062723c751e8b465ee728b)  -> (artifact id: 'b4e459a66a5235e01d3d97e012b3103a') in 0.018460 seconds 
========================================================================
Received Import Request.
  Time since last request: 0.000022 seconds.
  path: Assets/SampleScenes/Prefabs/House.prefab
  artifactKey: Guid(cd3018213230a5c49a0e0f4609a10b9d) Importer(815301076,1909f56bfc062723c751e8b465ee728b)
Start importing Assets/SampleScenes/Prefabs/House.prefab using Guid(cd3018213230a5c49a0e0f4609a10b9d) Importer(815301076,1909f56bfc062723c751e8b465ee728b)  -> (artifact id: '8bea02d84bbb83846c1718339698f6c3') in 0.022513 seconds 
========================================================================
Received Import Request.
  Time since last request: 0.000019 seconds.
  path: Assets/SampleScenes/Prefabs/Ring.prefab
  artifactKey: Guid(e9aa4b7def958e54bad9089e96b5a063) Importer(815301076,1909f56bfc062723c751e8b465ee728b)
Start importing Assets/SampleScenes/Prefabs/Ring.prefab using Guid(e9aa4b7def958e54bad9089e96b5a063) Importer(815301076,1909f56bfc062723c751e8b465ee728b)  -> (artifact id: '4dcd08a12eb764eca6eb4129c31d1198') in 0.015012 seconds 
========================================================================
Received Import Request.
  Time since last request: 0.000030 seconds.
  path: Assets/SampleScenes/Prefabs/CameraSwitch.prefab
  artifactKey: Guid(fdc378243b95c2144aa66bfc382d1b75) Importer(815301076,1909f56bfc062723c751e8b465ee728b)
Start importing Assets/SampleScenes/Prefabs/CameraSwitch.prefab using Guid(fdc378243b95c2144aa66bfc382d1b75) Importer(815301076,1909f56bfc062723c751e8b465ee728b)  -> (artifact id: '40fdd7526fa7209e34a31e376393c3ca') in 0.011506 seconds 
========================================================================
Received Import Request.
  Time since last request: 0.000024 seconds.
  path: Assets/SampleScenes/Prefabs/GroundRunway.prefab
  artifactKey: Guid(00690c0e075198740bd736a4731c7a90) Importer(815301076,1909f56bfc062723c751e8b465ee728b)
Start importing Assets/SampleScenes/Prefabs/GroundRunway.prefab using Guid(00690c0e075198740bd736a4731c7a90) Importer(815301076,1909f56bfc062723c751e8b465ee728b)  -> (artifact id: '3c90e85bd515069a90fad14a6ba3a03a') in 0.015890 seconds 
========================================================================
Received Import Request.
  Time since last request: 0.000023 seconds.
  path: Assets/SampleScenes/Prefabs/Sea.prefab
  artifactKey: Guid(92718a1040bbb9a4ab571265d9087f2b) Importer(815301076,1909f56bfc062723c751e8b465ee728b)
Start importing Assets/SampleScenes/Prefabs/Sea.prefab using Guid(92718a1040bbb9a4ab571265d9087f2b) Importer(815301076,1909f56bfc062723c751e8b465ee728b)  -> (artifact id: '30afb559aec1f7f63e91675679e4fa88') in 0.009798 seconds 
========================================================================
Received Import Request.
  Time since last request: 1.696735 seconds.
  path: Assets/SampleScenes/Scripts/ParticleSceneControls.cs
  artifactKey: Guid(acea13a76cc56d74db53fc5bc2d9d315) Importer(815301076,1909f56bfc062723c751e8b465ee728b)
Start importing Assets/SampleScenes/Scripts/ParticleSceneControls.cs using Guid(acea13a76cc56d74db53fc5bc2d9d315) Importer(815301076,1909f56bfc062723c751e8b465ee728b)  -> (artifact id: 'cd3930001fd1b53fe9fb7bb490a16998') in 0.014364 seconds 
========================================================================
Received Import Request.
  Time since last request: 0.701113 seconds.
  path: Assets/SampleScenes/Scripts/LevelReset.cs
  artifactKey: Guid(3d72a710d92c34e47beaa42373beec95) Importer(815301076,1909f56bfc062723c751e8b465ee728b)
Start importing Assets/SampleScenes/Scripts/LevelReset.cs using Guid(3d72a710d92c34e47beaa42373beec95) Importer(815301076,1909f56bfc062723c751e8b465ee728b)  -> (artifact id: '434d56f2e38822a4f86831efebb2e0ea') in 0.006309 seconds 
========================================================================
Received Import Request.
  Time since last request: 0.435541 seconds.
  path: Assets/SampleScenes/Scripts/CameraSwitch.cs
  artifactKey: Guid(92e373d5f05ca4f4b8ee311c44f4d801) Importer(815301076,1909f56bfc062723c751e8b465ee728b)
Start importing Assets/SampleScenes/Scripts/CameraSwitch.cs using Guid(92e373d5f05ca4f4b8ee311c44f4d801) Importer(815301076,1909f56bfc062723c751e8b465ee728b)  -> (artifact id: '987f4ae351fa34659551c6b9f0e43460') in 0.001651 seconds 
========================================================================
Received Import Request.
  Time since last request: 4.045860 seconds.
  path: Assets/SampleScenes/Navmesh/CarAI.asset
  artifactKey: Guid(552927ccf2fdad3428e89e5104d91912) Importer(815301076,1909f56bfc062723c751e8b465ee728b)
Start importing Assets/SampleScenes/Navmesh/CarAI.asset using Guid(552927ccf2fdad3428e89e5104d91912) Importer(815301076,1909f56bfc062723c751e8b465ee728b)  -> (artifact id: '377ffcdbe665d038bb967cd64e705583') in 0.012868 seconds 
========================================================================
Received Import Request.
  Time since last request: 6.938886 seconds.
  path: Assets/Scenes/village/LightingData.asset
  artifactKey: Guid(d737074b003a9cb4296b24633b3ff023) Importer(815301076,1909f56bfc062723c751e8b465ee728b)
Start importing Assets/Scenes/village/LightingData.asset using Guid(d737074b003a9cb4296b24633b3ff023) Importer(815301076,1909f56bfc062723c751e8b465ee728b)  -> (artifact id: 'a226f812fc8a4e04fc200cbd09d98272') in 0.006672 seconds 
========================================================================
Received Import Request.
  Time since last request: 10.603001 seconds.
  path: Assets/Standard Assets/Prototyping/Models/BlockPrototype04x04x04.fbx
  artifactKey: Guid(622a87b3379022740be7e2efea3ebd33) Importer(815301076,1909f56bfc062723c751e8b465ee728b)
Start importing Assets/Standard Assets/Prototyping/Models/BlockPrototype04x04x04.fbx using Guid(622a87b3379022740be7e2efea3ebd33) Importer(815301076,1909f56bfc062723c751e8b465ee728b)  -> (artifact id: '68eead8e6eabe0eacab617ed3d76fad7') in 0.039484 seconds 
========================================================================
Received Import Request.
  Time since last request: 0.000044 seconds.
  path: Assets/Standard Assets/Prototyping/Models/CubePrototype02x02x02.fbx
  artifactKey: Guid(df4796b594b970842b69211cb0078c5d) Importer(815301076,1909f56bfc062723c751e8b465ee728b)
Start importing Assets/Standard Assets/Prototyping/Models/CubePrototype02x02x02.fbx using Guid(df4796b594b970842b69211cb0078c5d) Importer(815301076,1909f56bfc062723c751e8b465ee728b)  -> (artifact id: '61de90be005b4de8e2fcb7e6bbb9c921') in 0.027199 seconds 
========================================================================
Received Import Request.
  Time since last request: 0.000023 seconds.
  path: Assets/Standard Assets/Prototyping/Models/CubePrototype04x04x04.fbx
  artifactKey: Guid(3f79402ff4ca9c54d96a09d1a77540d5) Importer(815301076,1909f56bfc062723c751e8b465ee728b)
Start importing Assets/Standard Assets/Prototyping/Models/CubePrototype04x04x04.fbx using Guid(3f79402ff4ca9c54d96a09d1a77540d5) Importer(815301076,1909f56bfc062723c751e8b465ee728b)  -> (artifact id: '1d704f92706ce0f0a331f07114e36a0a') in 0.024531 seconds 
========================================================================
Received Import Request.
  Time since last request: 0.000038 seconds.
  path: Assets/Standard Assets/Prototyping/Models/CubePrototype08x08x08.fbx
  artifactKey: Guid(c09052c9b19f0ea4987bc4f4f981252f) Importer(815301076,1909f56bfc062723c751e8b465ee728b)
Start importing Assets/Standard Assets/Prototyping/Models/CubePrototype08x08x08.fbx using Guid(c09052c9b19f0ea4987bc4f4f981252f) Importer(815301076,1909f56bfc062723c751e8b465ee728b)  -> (artifact id: 'ba55751d8f98e9509708c149c3ae45ee') in 0.026547 seconds 
========================================================================
Received Import Request.
  Time since last request: 0.000023 seconds.
  path: Assets/Standard Assets/Environment/SpeedTree/Broadleaf/Broadleaf_Mobile.spm
  artifactKey: Guid(6aab193b7693b5e4c9741f1917d2987c) Importer(815301076,1909f56bfc062723c751e8b465ee728b)
Start importing Assets/Standard Assets/Environment/SpeedTree/Broadleaf/Broadleaf_Mobile.spm using Guid(6aab193b7693b5e4c9741f1917d2987c) Importer(815301076,1909f56bfc062723c751e8b465ee728b)  -> (artifact id: '5879830db57e9234cd6b8d5883ce08a9') in 0.803852 seconds 
========================================================================
Received Import Request.
  Time since last request: 0.000043 seconds.
  path: Assets/Standard Assets/Effects/Projectors/Prefabs/BlobLightProjector.prefab
  artifactKey: Guid(21543d2b66928224f8a9536ff3811682) Importer(815301076,1909f56bfc062723c751e8b465ee728b)
Start importing Assets/Standard Assets/Effects/Projectors/Prefabs/BlobLightProjector.prefab using Guid(21543d2b66928224f8a9536ff3811682) Importer(815301076,1909f56bfc062723c751e8b465ee728b)  -> (artifact id: '088c630973350141d3acbe0b75f02fbc') in 0.010300 seconds 
========================================================================
Received Import Request.
  Time since last request: 0.000018 seconds.
  path: Assets/Standard Assets/Effects/Projectors/Prefabs/BlobShadowProjector.prefab
  artifactKey: Guid(28a5e79925e3ce04a82856c16a572cbe) Importer(815301076,1909f56bfc062723c751e8b465ee728b)
Start importing Assets/Standard Assets/Effects/Projectors/Prefabs/BlobShadowProjector.prefab using Guid(28a5e79925e3ce04a82856c16a572cbe) Importer(815301076,1909f56bfc062723c751e8b465ee728b)  -> (artifact id: '9f06dcb57133e5295c5626b02442b01e') in 0.008512 seconds 
========================================================================
Received Import Request.
  Time since last request: 0.000022 seconds.
  path: Assets/Standard Assets/ParticleSystems/Prefabs/FlareMobile.prefab
  artifactKey: Guid(ccbcfc705a39717429590a9f247ec30a) Importer(815301076,1909f56bfc062723c751e8b465ee728b)
Start importing Assets/Standard Assets/ParticleSystems/Prefabs/FlareMobile.prefab using Guid(ccbcfc705a39717429590a9f247ec30a) Importer(815301076,1909f56bfc062723c751e8b465ee728b)  -> (artifact id: 'df5d18285718d25a880c34ed5fccfdaa') in 0.038107 seconds 
========================================================================
Received Import Request.
  Time since last request: 0.000018 seconds.
  path: Assets/Standard Assets/Prototyping/Prefabs/CubePrototype02x02x02.prefab
  artifactKey: Guid(2b127815fd0f2074eae3a0c6a4786d0b) Importer(815301076,1909f56bfc062723c751e8b465ee728b)
Start importing Assets/Standard Assets/Prototyping/Prefabs/CubePrototype02x02x02.prefab using Guid(2b127815fd0f2074eae3a0c6a4786d0b) Importer(815301076,1909f56bfc062723c751e8b465ee728b)  -> (artifact id: 'f414492a8b3f945bdc6c0c89ce9e625a') in 0.017507 seconds 
========================================================================
Received Import Request.
  Time since last request: 0.000021 seconds.
  path: Assets/Standard Assets/ParticleSystems/Prefabs/Explosion.prefab
  artifactKey: Guid(031d08f52af1daa4f929b85221519426) Importer(815301076,1909f56bfc062723c751e8b465ee728b)
Start importing Assets/Standard Assets/ParticleSystems/Prefabs/Explosion.prefab using Guid(031d08f52af1daa4f929b85221519426) Importer(815301076,1909f56bfc062723c751e8b465ee728b)  -> (artifact id: 'be75c5755fd9c5015606857b16f31d4f') in 0.061795 seconds 
========================================================================
Received Import Request.
  Time since last request: 0.000023 seconds.
  path: Assets/Standard Assets/2D/Prefabs/CharacterRobotBoy.prefab
  artifactKey: Guid(87a2357765801c34292d6718d8b4d770) Importer(815301076,1909f56bfc062723c751e8b465ee728b)
Start importing Assets/Standard Assets/2D/Prefabs/CharacterRobotBoy.prefab using Guid(87a2357765801c34292d6718d8b4d770) Importer(815301076,1909f56bfc062723c751e8b465ee728b)  -> (artifact id: 'b1ff37c447c58a74f856863e32f778f4') in 0.114012 seconds 
========================================================================
Received Import Request.
  Time since last request: 0.000037 seconds.
  path: Assets/Standard Assets/2D/Prefabs/CollisionSlider.prefab
  artifactKey: Guid(2a71c12ae885e4f80b5144a4652bbeb4) Importer(815301076,1909f56bfc062723c751e8b465ee728b)
Start importing Assets/Standard Assets/2D/Prefabs/CollisionSlider.prefab using Guid(2a71c12ae885e4f80b5144a4652bbeb4) Importer(815301076,1909f56bfc062723c751e8b465ee728b)  -> (artifact id: '6d601d3485447a029633eb4dfbab08cc') in 0.009675 seconds 
========================================================================
Received Import Request.
  Time since last request: 0.000029 seconds.
  path: Assets/Standard Assets/CrossPlatformInput/Prefabs/CarTiltControls.prefab
  artifactKey: Guid(174090ae7f9eff84abe76f0ff062efac) Importer(815301076,1909f56bfc062723c751e8b465ee728b)
Start importing Assets/Standard Assets/CrossPlatformInput/Prefabs/CarTiltControls.prefab using Guid(174090ae7f9eff84abe76f0ff062efac) Importer(815301076,1909f56bfc062723c751e8b465ee728b)  -> (artifact id: 'daaad10ad1e50a702a82f0606940023e') in 0.039057 seconds 
========================================================================
Received Import Request.
  Time since last request: 0.000041 seconds.
  path: Assets/Standard Assets/ParticleSystems/Prefabs/FireComplex.prefab
  artifactKey: Guid(bf495eacf58e31146ab012aa89ac68da) Importer(815301076,1909f56bfc062723c751e8b465ee728b)
Start importing Assets/Standard Assets/ParticleSystems/Prefabs/FireComplex.prefab using Guid(bf495eacf58e31146ab012aa89ac68da) Importer(815301076,1909f56bfc062723c751e8b465ee728b)  -> (artifact id: 'c4fe654881fd44e59f0ce04463ab5b0f') in 0.064087 seconds 
========================================================================
Received Import Request.
  Time since last request: 0.000030 seconds.
  path: Assets/Standard Assets/ParticleSystems/Prefabs/Afterburner.prefab
  artifactKey: Guid(d8c41be67f41aa545ae053b0b927f821) Importer(815301076,1909f56bfc062723c751e8b465ee728b)
Start importing Assets/Standard Assets/ParticleSystems/Prefabs/Afterburner.prefab using Guid(d8c41be67f41aa545ae053b0b927f821) Importer(815301076,1909f56bfc062723c751e8b465ee728b)  -> (artifact id: '352b355b685e460d0a9c15b8ca4492cd') in 0.021902 seconds 
========================================================================
Received Import Request.
  Time since last request: 0.000019 seconds.
  path: Assets/Standard Assets/CrossPlatformInput/Prefabs/DualTouchControls.prefab
  artifactKey: Guid(2169821f0567671499a5c10104c69c24) Importer(815301076,1909f56bfc062723c751e8b465ee728b)
Start importing Assets/Standard Assets/CrossPlatformInput/Prefabs/DualTouchControls.prefab using Guid(2169821f0567671499a5c10104c69c24) Importer(815301076,1909f56bfc062723c751e8b465ee728b)  -> (artifact id: '5ddaa9a769e017dc5101eced3b0b94fe') in 0.021516 seconds 
========================================================================
Received Import Request.
  Time since last request: 0.000017 seconds.
  path: Assets/Standard Assets/ParticleSystems/Prefabs/ExplosionMobile.prefab
  artifactKey: Guid(645413a00f7bd0242bbd6d0e5eb6f439) Importer(815301076,1909f56bfc062723c751e8b465ee728b)
Start importing Assets/Standard Assets/ParticleSystems/Prefabs/ExplosionMobile.prefab using Guid(645413a00f7bd0242bbd6d0e5eb6f439) Importer(815301076,1909f56bfc062723c751e8b465ee728b)  -> (artifact id: 'e31a349faf61f2eed04a608cc107be9d') in 0.033085 seconds 
========================================================================
Received Import Request.
  Time since last request: 0.000034 seconds.
  path: Assets/SportBenchWithBarbells/INiemiec/INiemiec - Sport Bench with Barbells/Prefabs/Barbell/Barbell.prefab
  artifactKey: Guid(04436bb5515d84f4baa22f0741a3f2a5) Importer(815301076,1909f56bfc062723c751e8b465ee728b)
Start importing Assets/SportBenchWithBarbells/INiemiec/INiemiec - Sport Bench with Barbells/Prefabs/Barbell/Barbell.prefab using Guid(04436bb5515d84f4baa22f0741a3f2a5) Importer(815301076,1909f56bfc062723c751e8b465ee728b)  -> (artifact id: '2b21462ef530d22b755bf02d70445382') in 0.039545 seconds 
========================================================================
Received Import Request.
  Time since last request: 0.000024 seconds.
  path: Assets/Standard Assets/Vehicles/Aircraft/Prefabs/AircraftPropellerAi.prefab
  artifactKey: Guid(cd707c1f484f43249bab272ac76a0174) Importer(815301076,1909f56bfc062723c751e8b465ee728b)
Start importing Assets/Standard Assets/Vehicles/Aircraft/Prefabs/AircraftPropellerAi.prefab using Guid(cd707c1f484f43249bab272ac76a0174) Importer(815301076,1909f56bfc062723c751e8b465ee728b)  -> (artifact id: '96d2793cd9150d8fecb247c18a7d4c29') in 0.139430 seconds 
========================================================================
Received Import Request.
  Time since last request: 0.000039 seconds.
  path: Assets/Standard Assets/Prototyping/Prefabs/CubePrototype04x04x04.prefab
  artifactKey: Guid(5d2e4237b4429b34fae4c9eb3cd9efd5) Importer(815301076,1909f56bfc062723c751e8b465ee728b)
Start importing Assets/Standard Assets/Prototyping/Prefabs/CubePrototype04x04x04.prefab using Guid(5d2e4237b4429b34fae4c9eb3cd9efd5) Importer(815301076,1909f56bfc062723c751e8b465ee728b)  -> (artifact id: '3bd7103bab690f02fa45518091c8441f') in 0.014012 seconds 
========================================================================
Received Import Request.
  Time since last request: 0.000017 seconds.
  path: Assets/Standard Assets/Vehicles/Aircraft/Prefabs/AircraftJet.prefab
  artifactKey: Guid(147d826ca4c5a834a9dfe5db390c47f4) Importer(815301076,1909f56bfc062723c751e8b465ee728b)
Start importing Assets/Standard Assets/Vehicles/Aircraft/Prefabs/AircraftJet.prefab using Guid(147d826ca4c5a834a9dfe5db390c47f4) Importer(815301076,1909f56bfc062723c751e8b465ee728b)  -> (artifact id: 'eda865e8e8d206356c6c1674cbfff5f5') in 0.097362 seconds 
========================================================================
Received Import Request.
  Time since last request: 0.000040 seconds.
  path: Assets/Standard Assets/ParticleSystems/Prefabs/FireMobile.prefab
  artifactKey: Guid(b99a0a5998b2736429fd2a2fd1d01c5e) Importer(815301076,1909f56bfc062723c751e8b465ee728b)
Start importing Assets/Standard Assets/ParticleSystems/Prefabs/FireMobile.prefab using Guid(b99a0a5998b2736429fd2a2fd1d01c5e) Importer(815301076,1909f56bfc062723c751e8b465ee728b)  -> (artifact id: 'a63d4a780b4a17762a4e3653878801d2') in 0.023020 seconds 
========================================================================
Received Import Request.
  Time since last request: 0.000027 seconds.
  path: Assets/Standard Assets/ParticleSystems/Prefabs/DustStormMobile.prefab
  artifactKey: Guid(ed1c797ec3736704db03a0d64d010e33) Importer(815301076,1909f56bfc062723c751e8b465ee728b)
Start importing Assets/Standard Assets/ParticleSystems/Prefabs/DustStormMobile.prefab using Guid(ed1c797ec3736704db03a0d64d010e33) Importer(815301076,1909f56bfc062723c751e8b465ee728b)  -> (artifact id: '56b73ea52e7be8dd4db6dc15466c56a8') in 0.015287 seconds 
========================================================================
Received Import Request.
  Time since last request: 0.000024 seconds.
  path: Assets/Standard Assets/2D/Prefabs/ExtentsRight.prefab
  artifactKey: Guid(b241b59d6a89aff4fbf0bce77e644761) Importer(815301076,1909f56bfc062723c751e8b465ee728b)
Start importing Assets/Standard Assets/2D/Prefabs/ExtentsRight.prefab using Guid(b241b59d6a89aff4fbf0bce77e644761) Importer(815301076,1909f56bfc062723c751e8b465ee728b)  -> (artifact id: '97bb6a9b07bd4e060a83767a0683382e') in 0.017061 seconds 
========================================================================
Received Import Request.
  Time since last request: 0.000052 seconds.
  path: Assets/Standard Assets/Environment/SpeedTree/Conifer/Conifer_Desktop.spm
  artifactKey: Guid(469edab27ab6d004d84af2c4a851bd7f) Importer(815301076,1909f56bfc062723c751e8b465ee728b)
Start importing Assets/Standard Assets/Environment/SpeedTree/Conifer/Conifer_Desktop.spm using Guid(469edab27ab6d004d84af2c4a851bd7f) Importer(815301076,1909f56bfc062723c751e8b465ee728b)  -> (artifact id: 'ea847dfffff47bb41b039c7044c623b2') in 0.661815 seconds 
========================================================================
Received Import Request.
  Time since last request: 6.998864 seconds.
  path: Packages/com.unity.testtools.codecoverage/package.json
  artifactKey: Guid(ba7d60725b0ec604698819352642be89) Importer(815301076,1909f56bfc062723c751e8b465ee728b)
Start importing Packages/com.unity.testtools.codecoverage/package.json using Guid(ba7d60725b0ec604698819352642be89) Importer(815301076,1909f56bfc062723c751e8b465ee728b)  -> (artifact id: 'bd2dd2fcfb070eff30dd06220f902a2a') in 0.012062 seconds 
